
/home/runner/work/exp-circuit-parameters-oc-test-iitr/exp-circuit-parameters-oc-test-iitr/experiment/posttest.js
   18:12  warning  'letter' is not defined  no-undef
   22:75  warning  'letter' is not defined  no-undef
   23:15  warning  'letter' is not defined  no-undef
   24:39  warning  'letter' is not defined  no-undef
  113:4   warning  Mixed spaces and tabs    no-mixed-spaces-and-tabs

/home/runner/work/exp-circuit-parameters-oc-test-iitr/exp-circuit-parameters-oc-test-iitr/experiment/pretest.js
   18:12  warning  'letter' is not defined  no-undef
   22:75  warning  'letter' is not defined  no-undef
   23:15  warning  'letter' is not defined  no-undef
   24:39  warning  'letter' is not defined  no-undef
  113:4   warning  Mixed spaces and tabs    no-mixed-spaces-and-tabs

/home/runner/work/exp-circuit-parameters-oc-test-iitr/exp-circuit-parameters-oc-test-iitr/experiment/simulation/day/demo1.js
    2:1   warning  'jsPlumb' is not defined                       no-undef
    6:9   warning  'addDisc' is assigned a value but never used   no-unused-vars
    8:17  warning  'e' is assigned a value but never used         no-unused-vars
   15:9   warning  'reset' is assigned a value but never used     no-unused-vars
   26:48  warning  'e' is defined but never used                  no-unused-vars
   26:51  warning  'ui' is defined but never used                 no-unused-vars
   28:21  warning  'jsPlumb' is not defined                       no-undef
  100:16  warning  'jsPlumb' is not defined                       no-undef
  109:13  warning  'e1' is assigned a value but never used        no-unused-vars
  110:13  warning  'e2' is assigned a value but never used        no-unused-vars
  111:13  warning  'e4' is assigned a value but never used        no-unused-vars
  112:13  warning  'e5' is assigned a value but never used        no-unused-vars
  113:13  warning  'e6' is assigned a value but never used        no-unused-vars
  114:13  warning  'e7' is assigned a value but never used        no-unused-vars
  115:13  warning  'e8' is assigned a value but never used        no-unused-vars
  116:13  warning  'e9' is assigned a value but never used        no-unused-vars
  117:13  warning  'e10' is assigned a value but never used       no-unused-vars
  118:13  warning  'e11' is assigned a value but never used       no-unused-vars
  119:13  warning  'e18' is assigned a value but never used       no-unused-vars
  120:13  warning  'e19' is assigned a value but never used       no-unused-vars
  122:13  warning  'e21' is assigned a value but never used       no-unused-vars
  124:13  warning  'e23' is assigned a value but never used       no-unused-vars
  126:13  warning  'e25' is assigned a value but never used       no-unused-vars
  127:13  warning  'e26' is assigned a value but never used       no-unused-vars
  130:13  warning  'clearBtn' is assigned a value but never used  no-unused-vars
  130:24  warning  'jsPlumb' is not defined                       no-undef
  131:13  warning  'addBtn' is assigned a value but never used    no-unused-vars
  131:22  warning  'jsPlumb' is not defined                       no-undef
  133:27  warning  'jsPlumb' is not defined                       no-undef
  136:13  warning  'jsPlumbUtil' is not defined                   no-undef
  141:13  warning  'showConnectionInfo' is not defined            no-undef
  142:13  warning  'jsPlumbUtil' is not defined                   no-undef
  146:5   warning  'jsPlumb' is not defined                       no-undef
  646:10  warning  'mcbonoff' is defined but never used           no-unused-vars
  715:21  warning  'intervalId' is already defined                no-redeclare
  733:10  warning  'setto0' is defined but never used             no-unused-vars
  734:5   warning  'rangeMeter' is not defined                    no-undef
  735:5   warning  'rangeChange' is not defined                   no-undef
  737:10  warning  'settoon' is defined but never used            no-unused-vars
  738:5   warning  'rangeMeter' is not defined                    no-undef
  739:5   warning  'rangeChange' is not defined                   no-undef
  742:5   warning  'addtable' is assigned a value but never used  no-unused-vars
  743:10  warning  'addtotable' is defined but never used         no-unused-vars
  749:17  warning  'mytable1' is not defined                      no-undef
  765:10  warning  'Nextpage' is defined but never used           no-unused-vars

/home/runner/work/exp-circuit-parameters-oc-test-iitr/exp-circuit-parameters-oc-test-iitr/experiment/simulation/day/jsplumb1.js
     68:9   warning  'root' is assigned a value but never used                                  no-unused-vars
    130:18  warning  'i' is already defined                                                     no-redeclare
    184:18  warning  'i' is already defined                                                     no-redeclare
    242:22  warning  'j' is already defined                                                     no-redeclare
    264:56  warning  't' is defined but never used                                              no-unused-vars
    279:26  warning  'j' is already defined                                                     no-redeclare
    582:9   warning  'exports' is not defined                                                   no-undef
    616:1   warning  Unnecessary semicolon                                                      no-extra-semi
    626:9   warning  'exports' is not defined                                                   no-undef
    661:9   warning  '_normal' is assigned a value but never used                               no-unused-vars
    672:9   warning  '_lineLength' is assigned a value but never used                           no-unused-vars
    706:9   warning  '_theta' is assigned a value but never used                                no-unused-vars
    725:9   warning  '_intersects' is assigned a value but never used                           no-unused-vars
    747:9   warning  '_encloses' is assigned a value but never used                             no-unused-vars
    764:9   warning  '_pointOnLine' is assigned a value but never used                          no-unused-vars
    781:9   warning  '_perpendicularLineTo' is assigned a value but never used                  no-unused-vars
    789:1   warning  Unnecessary semicolon                                                      no-extra-semi
    846:28  warning  'view' is defined but never used                                           no-unused-vars
    846:34  warning  'target' is defined but never used                                         no-unused-vars
    846:42  warning  'pageX' is defined but never used                                          no-unused-vars
    846:49  warning  'pageY' is defined but never used                                          no-unused-vars
    846:56  warning  'screenX' is defined but never used                                        no-unused-vars
    846:65  warning  'screenY' is defined but never used                                        no-unused-vars
    846:74  warning  'clientX' is defined but never used                                        no-unused-vars
    846:83  warning  'clientY' is defined but never used                                        no-unused-vars
   1040:58  warning  Do not access Object.prototype method 'hasOwnProperty' from target object  no-prototype-builtins
   1082:39  warning  Do not access Object.prototype method 'hasOwnProperty' from target object  no-prototype-builtins
   1132:9   warning  'touchstart' is assigned a value but never used                            no-unused-vars
   1132:36  warning  'touchend' is assigned a value but never used                              no-unused-vars
   1132:59  warning  'touchmove' is assigned a value but never used                             no-unused-vars
   1137:54  warning  Unnecessary escape character: \.                                           no-useless-escape
   1223:73  warning  Invalid typeof comparison value                                            valid-typeof
   1286:38  warning  Do not access Object.prototype method 'hasOwnProperty' from target object  no-prototype-builtins
   1288:51  warning  Do not access Object.prototype method 'hasOwnProperty' from target object  no-prototype-builtins
   1310:29  warning  'el' is defined but never used                                             no-unused-vars
   1310:33  warning  'event' is defined but never used                                          no-unused-vars
   1310:40  warning  'children' is defined but never used                                       no-unused-vars
   1310:50  warning  'fn' is defined but never used                                             no-unused-vars
   1457:9   warning  'exports' is not defined                                                   no-undef
   1490:1   warning  Unnecessary semicolon                                                      no-extra-semi
   1595:54  warning  Unnecessary escape character: \.                                           no-useless-escape
   1719:42  warning  'scope' is defined but never used                                          no-unused-vars
   1727:13  warning  'scroll' is assigned a value but never used                                no-unused-vars
   1875:13  warning  '_addFilter' is assigned a value but never used                            no-unused-vars
   1876:13  warning  '_removeFilter' is assigned a value but never used                         no-unused-vars
   2091:31  warning  Empty block statement                                                      no-empty
   2280:42  warning  'scope' is defined but never used                                          no-unused-vars
   2300:56  warning  'drag' is defined but never used                                           no-unused-vars
   2388:13  warning  '_getMatchingDroppables' is assigned a value but never used                no-unused-vars
   2432:18  warning  'i' is already defined                                                     no-redeclare
   2754:40  warning  'spec' is defined but never used                                           no-unused-vars
   2777:38  warning  'spec' is defined but never used                                           no-unused-vars
   2862:9   warning  'exports' is not defined                                                   no-undef
   2874:42  warning  'exports' is not defined                                                   no-undef
   2915:19  warning  Do not access Object.prototype method 'hasOwnProperty' from target object  no-prototype-builtins
   3011:26  warning  Unnecessary escape character: \.                                           no-useless-escape
   3012:40  warning  Unnecessary escape character: \[                                           no-useless-escape
   3180:36  warning  '_protoFn' is defined but never used                                       no-unused-vars
   3188:45  warning  Do not access Object.prototype method 'hasOwnProperty' from target object  no-prototype-builtins
   3188:83  warning  Do not access Object.prototype method 'hasOwnProperty' from target object  no-prototype-builtins
   3201:41  warning  Do not access Object.prototype method 'hasOwnProperty' from target object  no-prototype-builtins
   3201:79  warning  Do not access Object.prototype method 'hasOwnProperty' from target object  no-prototype-builtins
   3242:42  warning  Empty block statement                                                      no-empty
   3320:23  warning  Empty block statement                                                      no-empty
   3488:2   warning  Unnecessary semicolon                                                      no-extra-semi
   3553:1   warning  Unnecessary semicolon                                                      no-extra-semi
   3585:9   warning  'eventFilters' is assigned a value but never used                          no-unused-vars
   3604:9   warning  '_each' is assigned a value but never used                                 no-unused-vars
   4583:13  warning  '_setDraggable' is assigned a value but never used                         no-unused-vars
   4807:56  warning  'args' is defined but never used                                           no-unused-vars
   4855:60  warning  'cEl' is assigned a value but never used                                   no-unused-vars
   5481:13  warning  '_unmanage' is assigned a value but never used                             no-unused-vars
   5576:68  warning  'jsPlumbInstance' is assigned a value but never used                       no-unused-vars
   6146:39  warning  'scope' is defined but never used                                          no-unused-vars
   6751:9   warning  'exports' is not defined                                                   no-undef
   6766:1   warning  Unnecessary semicolon                                                      no-extra-semi
   6882:36  warning  'ignoreAttachedElements' is defined but never used                         no-unused-vars
   7059:1   warning  Unnecessary semicolon                                                      no-extra-semi
   7304:41  warning  'doNotRepaint' is defined but never used                                   no-unused-vars
   7309:50  warning  'doNotRepaint' is defined but never used                                   no-unused-vars
   7374:53  warning  'fireEvent' is defined but never used                                      no-unused-vars
   7374:64  warning  'originalEvent' is defined but never used                                  no-unused-vars
   7488:52  warning  Do not access Object.prototype method 'hasOwnProperty' from target object  no-prototype-builtins
   7534:39  warning  'startParams' is defined but never used                                    no-unused-vars
   8111:17  warning  'elId' is assigned a value but never used                                  no-unused-vars
   8348:1   warning  Unnecessary semicolon                                                      no-extra-semi
   8865:52  warning  Do not access Object.prototype method 'hasOwnProperty' from target object  no-prototype-builtins
   8889:52  warning  Do not access Object.prototype method 'hasOwnProperty' from target object  no-prototype-builtins
   8901:21  warning  'jsPlumb' is not defined                                                   no-undef
   8984:1   warning  Unnecessary semicolon                                                      no-extra-semi
   9709:27  warning  'Biltong' is not defined                                                   no-undef
  10061:23  warning  'jsPlumbUtil' is not defined                                               no-undef
  10293:1   warning  Unnecessary semicolon                                                      no-extra-semi
  10323:53  warning  'x' is defined but never used                                              no-unused-vars
  10323:56  warning  'y' is defined but never used                                              no-unused-vars
  10350:46  warning  'x1' is defined but never used                                             no-unused-vars
  10350:50  warning  'y1' is defined but never used                                             no-unused-vars
  10350:54  warning  'x2' is defined but never used                                             no-unused-vars
  10350:58  warning  'y2' is defined but never used                                             no-unused-vars
  10383:17  warning  '_super' is assigned a value but never used                                no-unused-vars
  10441:46  warning  '_' is defined but never used                                              no-unused-vars
  10643:17  warning  '_super' is assigned a value but never used                                no-unused-vars
  10789:17  warning  '_super' is assigned a value but never used                                no-unused-vars
  11112:13  warning  'dumpSegmentsToConsole' is assigned a value but never used                 no-unused-vars
  11168:48  warning  'anchorPoint' is defined but never used                                    no-unused-vars
  11168:61  warning  'orientation' is defined but never used                                    no-unused-vars
  11168:74  warning  'endpointStyle' is defined but never used                                  no-unused-vars
  11168:89  warning  'connectorPaintStyle' is defined but never used                            no-unused-vars
  11201:13  warning  '_super' is assigned a value but never used                                no-unused-vars
  11207:76  warning  'connectorPaintStyle' is defined but never used                            no-unused-vars
  11228:13  warning  '_super' is assigned a value but never used                                no-unused-vars
  11233:76  warning  'connectorPaintStyle' is defined but never used                            no-unused-vars
  11244:40  warning  'params' is defined but never used                                         no-unused-vars
  11322:48  warning  'orientation' is defined but never used                                    no-unused-vars
  11322:61  warning  'endpointStyle' is defined but never used                                  no-unused-vars
  11322:76  warning  'connectorPaintStyle' is defined but never used                            no-unused-vars
  11348:40  warning  'd' is defined but never used                                              no-unused-vars
  11348:43  warning  'style' is defined but never used                                          no-unused-vars
  11348:50  warning  'anchor' is defined but never used                                         no-unused-vars
  11391:13  warning  '_super' is assigned a value but never used                                no-unused-vars
  11394:48  warning  'orientation' is defined but never used                                    no-unused-vars
  11394:61  warning  'endpointStyle' is defined but never used                                  no-unused-vars
  11394:76  warning  'connectorPaintStyle' is defined but never used                            no-unused-vars
  11410:32  warning  'style' is defined but never used                                          no-unused-vars
  11410:39  warning  'anchor' is defined but never used                                         no-unused-vars
  11443:76  warning  'connectorPaintStyle' is defined but never used                            no-unused-vars
  11472:27  warning  'instance' is defined but never used                                       no-unused-vars
  11472:37  warning  'component' is defined but never used                                      no-unused-vars
  11541:43  warning  'component' is defined but never used                                      no-unused-vars
  11705:17  warning  'jsPlumb' is not defined                                                   no-undef
  11812:37  warning  'component' is defined but never used                                      no-unused-vars
  11822:29  warning  'containerExtents' is defined but never used                               no-unused-vars
  11850:37  warning  'params' is defined but never used                                         no-unused-vars
  11863:42  warning  'currentConnectionPaintStyle' is defined but never used                    no-unused-vars
  11907:13  warning  'labelWidth' is assigned a value but never used                            no-unused-vars
  11907:32  warning  'labelHeight' is assigned a value but never used                           no-unused-vars
  11907:52  warning  'labelText' is assigned a value but never used                             no-unused-vars
  11907:70  warning  'labelPadding' is assigned a value but never used                          no-unused-vars
  11997:1   warning  Unnecessary semicolon                                                      no-extra-semi
  12441:35  warning  'conn' is defined but never used                                           no-unused-vars
  12441:41  warning  'endpointIndex' is defined but never used                                  no-unused-vars
  12445:37  warning  'conn' is defined but never used                                           no-unused-vars
  12445:43  warning  'endpointIndex' is defined but never used                                  no-unused-vars
  12453:56  warning  'jsPlumb' is not defined                                                   no-undef
  12489:38  warning  '_el' is defined but never used                                            no-unused-vars
  12489:43  warning  'targetGroup' is defined but never used                                    no-unused-vars
  12539:25  warning  'jsPlumbUtil' is not defined                                               no-undef
  12883:1   warning  Unnecessary semicolon                                                      no-extra-semi
  12899:41  warning  'lastOrientation' is assigned a value but never used                       no-unused-vars
  12903:13  warning  'loopbackRadius' is assigned a value but never used                        no-unused-vars
  12904:13  warning  'isLoopbackCurrently' is assigned a value but never used                   no-unused-vars
  13248:1   warning  Unnecessary semicolon                                                      no-extra-semi
  13257:13  warning  'curviness' is assigned a value but never used                             no-unused-vars
  13259:13  warning  'proximityLimit' is assigned a value but never used                        no-unused-vars
  13262:13  warning  'isLoopbackCurrently' is assigned a value but never used                   no-unused-vars
  13401:1   warning  Unnecessary semicolon                                                      no-extra-semi
  13496:13  warning  'clockwise' is assigned a value but never used                             no-unused-vars
  13596:1   warning  Unnecessary semicolon                                                      no-extra-semi
  13603:30  warning  'params' is defined but never used                                         no-unused-vars
  13607:46  warning  '_' is defined but never used                                              no-unused-vars
  13628:1   warning  Unnecessary semicolon                                                      no-extra-semi
  14033:35  warning  'style' is defined but never used                                          no-unused-vars
  14056:35  warning  'style' is defined but never used                                          no-unused-vars
  14092:13  warning  'self' is assigned a value but never used                                  no-unused-vars
  14251:1   warning  Unnecessary semicolon                                                      no-extra-semi
  14444:39  warning  'jsPlumb' is not defined                                                   no-undef
  14473:29  warning  'jsPlumb' is not defined                                                   no-undef
  14480:38  warning  Do not access Object.prototype method 'hasOwnProperty' from target object  no-prototype-builtins
  14481:39  warning  'jsPlumb' is not defined                                                   no-undef
  14548:40  warning  Do not access Object.prototype method 'hasOwnProperty' from target object  no-prototype-builtins
  14639:22  warning  'jsPlumb' is not defined                                                   no-undef
  14644:24  warning  'jsPlumb' is not defined                                                   no-undef
  14770:26  warning  Do not access Object.prototype method 'hasOwnProperty' from target object  no-prototype-builtins
  14783:13  warning  'jsPlumb' is not defined                                                   no-undef
  14788:18  warning  'jsPlumb' is not defined                                                   no-undef
  14797:13  warning  'jsPlumb' is not defined                                                   no-undef
  14802:17  warning  'jsPlumb' is not defined                                                   no-undef
  14803:17  warning  'jsPlumb' is not defined                                                   no-undef
  14805:17  warning  'jsPlumb' is not defined                                                   no-undef
  14809:13  warning  'jsPlumb' is not defined                                                   no-undef
  14815:17  warning  'jsPlumb' is not defined                                                   no-undef
  14853:18  warning  'jsPlumb' is not defined                                                   no-undef
  14901:22  warning  'jsPlumb' is not defined                                                   no-undef
  14982:20  warning  'jsPlumb' is not defined                                                   no-undef
  14996:13  warning  'jsPlumb' is not defined                                                   no-undef
  15008:18  warning  'jsPlumb' is not defined                                                   no-undef
  15011:25  warning  'jsPlumb' is not defined                                                   no-undef
  15013:35  warning  'jsPlumb' is not defined                                                   no-undef
  15014:30  warning  'jsPlumb' is not defined                                                   no-undef
  15015:45  warning  'jsPlumb' is not defined                                                   no-undef
  15016:45  warning  'jsPlumb' is not defined                                                   no-undef
  15017:46  warning  'jsPlumb' is not defined                                                   no-undef
  15133:36  warning  'el' is defined but never used                                             no-unused-vars
  15133:40  warning  'options' is defined but never used                                        no-unused-vars
  15136:36  warning  'el' is defined but never used                                             no-unused-vars
  15136:40  warning  'options' is defined but never used                                        no-unused-vars
  15152:45  warning  'zoom' is defined but never used                                           no-unused-vars
  15192:33  warning  'spec' is defined but never used                                           no-unused-vars
  15201:31  warning  'spec' is defined but never used                                           no-unused-vars
  15210:38  warning  'posseId' is defined but never used                                        no-unused-vars
  15263:23  warning  'el' is defined but never used                                             no-unused-vars
  15263:27  warning  'event' is defined but never used                                          no-unused-vars
  15263:34  warning  'callback' is defined but never used                                       no-unused-vars
  15272:24  warning  'el' is defined but never used                                             no-unused-vars
  15272:28  warning  'event' is defined but never used                                          no-unused-vars
  15272:35  warning  'callback' is defined but never used                                       no-unused-vars

/home/runner/work/exp-circuit-parameters-oc-test-iitr/exp-circuit-parameters-oc-test-iitr/experiment/simulation/day/script.js
    1:5    warning  'xx' is assigned a value but never used            no-unused-vars
    2:9    warning  'yy' is assigned a value but never used            no-unused-vars
    3:9    warning  'zz' is assigned a value but never used            no-unused-vars
    6:9    warning  'rangeClock' is assigned a value but never used    no-unused-vars
    7:9    warning  'meterColor' is assigned a value but never used    no-unused-vars
    9:9    warning  'rangeClock2' is assigned a value but never used   no-unused-vars
   10:9    warning  'meterColor2' is assigned a value but never used   no-unused-vars
   12:9    warning  'rangeClock3' is assigned a value but never used   no-unused-vars
   13:9    warning  'meterColor3' is assigned a value but never used   no-unused-vars
   15:6    warning  'meterColor4' is assigned a value but never used   no-unused-vars
   19:6    warning  'mcbOn' is assigned a value but never used         no-unused-vars
   28:7    warning  Move function declaration to program root          no-inner-declarations
   29:13   warning  'rotateClock' is assigned a value but never used   no-unused-vars
   30:7    warning  'rotateClock4' is assigned a value but never used  no-unused-vars
   35:2    warning  Mixed spaces and tabs                              no-mixed-spaces-and-tabs
   79:108  warning  Unnecessary semicolon                              no-extra-semi
  221:7    warning  'Plotly' is not defined                            no-undef

/home/runner/work/exp-circuit-parameters-oc-test-iitr/exp-circuit-parameters-oc-test-iitr/experiment/simulation/demo1.js
    2:1   warning  'jsPlumb' is not defined                       no-undef
    7:9   warning  'addDisc' is assigned a value but never used   no-unused-vars
    9:17  warning  'e' is assigned a value but never used         no-unused-vars
   16:9   warning  'reset' is assigned a value but never used     no-unused-vars
   29:48  warning  'e' is defined but never used                  no-unused-vars
   29:51  warning  'ui' is defined but never used                 no-unused-vars
   31:21  warning  'jsPlumb' is not defined                       no-undef
  106:16  warning  'jsPlumb' is not defined                       no-undef
  115:13  warning  'e1' is assigned a value but never used        no-unused-vars
  116:13  warning  'e2' is assigned a value but never used        no-unused-vars
  117:13  warning  'e4' is assigned a value but never used        no-unused-vars
  118:13  warning  'e5' is assigned a value but never used        no-unused-vars
  119:13  warning  'e6' is assigned a value but never used        no-unused-vars
  120:13  warning  'e7' is assigned a value but never used        no-unused-vars
  121:13  warning  'e8' is assigned a value but never used        no-unused-vars
  122:13  warning  'e9' is assigned a value but never used        no-unused-vars
  123:13  warning  'e10' is assigned a value but never used       no-unused-vars
  124:13  warning  'e11' is assigned a value but never used       no-unused-vars
  125:13  warning  'e18' is assigned a value but never used       no-unused-vars
  126:13  warning  'e19' is assigned a value but never used       no-unused-vars
  128:13  warning  'e21' is assigned a value but never used       no-unused-vars
  130:13  warning  'e23' is assigned a value but never used       no-unused-vars
  132:13  warning  'e25' is assigned a value but never used       no-unused-vars
  133:13  warning  'e26' is assigned a value but never used       no-unused-vars
  134:13  warning  'e27' is assigned a value but never used       no-unused-vars
  135:13  warning  'e28' is assigned a value but never used       no-unused-vars
  138:13  warning  'clearBtn' is assigned a value but never used  no-unused-vars
  138:24  warning  'jsPlumb' is not defined                       no-undef
  139:13  warning  'addBtn' is assigned a value but never used    no-unused-vars
  139:22  warning  'jsPlumb' is not defined                       no-undef
  141:27  warning  'jsPlumb' is not defined                       no-undef
  144:13  warning  'jsPlumbUtil' is not defined                   no-undef
  149:13  warning  'showConnectionInfo' is not defined            no-undef
  150:13  warning  'jsPlumbUtil' is not defined                   no-undef
  154:5   warning  'jsPlumb' is not defined                       no-undef
  697:10  warning  'mcbonoff' is defined but never used           no-unused-vars
  774:21  warning  'intervalId' is already defined                no-redeclare
  796:10  warning  'setto0' is defined but never used             no-unused-vars
  797:5   warning  'rangeMeter' is not defined                    no-undef
  798:5   warning  'rangeChange' is not defined                   no-undef
  800:10  warning  'settoon' is defined but never used            no-unused-vars
  801:5   warning  'rangeMeter' is not defined                    no-undef
  802:5   warning  'rangeChange' is not defined                   no-undef
  805:5   warning  'addtable' is assigned a value but never used  no-unused-vars
  806:10  warning  'addtotable' is defined but never used         no-unused-vars
  813:17  warning  'mytable1' is not defined                      no-undef
  829:10  warning  'Nextpage' is defined but never used           no-unused-vars

/home/runner/work/exp-circuit-parameters-oc-test-iitr/exp-circuit-parameters-oc-test-iitr/experiment/simulation/jsplumb1.js
     68:9   warning  'root' is assigned a value but never used                                  no-unused-vars
    130:18  warning  'i' is already defined                                                     no-redeclare
    184:18  warning  'i' is already defined                                                     no-redeclare
    242:22  warning  'j' is already defined                                                     no-redeclare
    264:56  warning  't' is defined but never used                                              no-unused-vars
    279:26  warning  'j' is already defined                                                     no-redeclare
    582:9   warning  'exports' is not defined                                                   no-undef
    616:1   warning  Unnecessary semicolon                                                      no-extra-semi
    626:9   warning  'exports' is not defined                                                   no-undef
    661:9   warning  '_normal' is assigned a value but never used                               no-unused-vars
    672:9   warning  '_lineLength' is assigned a value but never used                           no-unused-vars
    706:9   warning  '_theta' is assigned a value but never used                                no-unused-vars
    725:9   warning  '_intersects' is assigned a value but never used                           no-unused-vars
    747:9   warning  '_encloses' is assigned a value but never used                             no-unused-vars
    764:9   warning  '_pointOnLine' is assigned a value but never used                          no-unused-vars
    781:9   warning  '_perpendicularLineTo' is assigned a value but never used                  no-unused-vars
    789:1   warning  Unnecessary semicolon                                                      no-extra-semi
    846:28  warning  'view' is defined but never used                                           no-unused-vars
    846:34  warning  'target' is defined but never used                                         no-unused-vars
    846:42  warning  'pageX' is defined but never used                                          no-unused-vars
    846:49  warning  'pageY' is defined but never used                                          no-unused-vars
    846:56  warning  'screenX' is defined but never used                                        no-unused-vars
    846:65  warning  'screenY' is defined but never used                                        no-unused-vars
    846:74  warning  'clientX' is defined but never used                                        no-unused-vars
    846:83  warning  'clientY' is defined but never used                                        no-unused-vars
   1040:58  warning  Do not access Object.prototype method 'hasOwnProperty' from target object  no-prototype-builtins
   1082:39  warning  Do not access Object.prototype method 'hasOwnProperty' from target object  no-prototype-builtins
   1132:9   warning  'touchstart' is assigned a value but never used                            no-unused-vars
   1132:36  warning  'touchend' is assigned a value but never used                              no-unused-vars
   1132:59  warning  'touchmove' is assigned a value but never used                             no-unused-vars
   1137:54  warning  Unnecessary escape character: \.                                           no-useless-escape
   1223:73  warning  Invalid typeof comparison value                                            valid-typeof
   1286:38  warning  Do not access Object.prototype method 'hasOwnProperty' from target object  no-prototype-builtins
   1288:51  warning  Do not access Object.prototype method 'hasOwnProperty' from target object  no-prototype-builtins
   1310:29  warning  'el' is defined but never used                                             no-unused-vars
   1310:33  warning  'event' is defined but never used                                          no-unused-vars
   1310:40  warning  'children' is defined but never used                                       no-unused-vars
   1310:50  warning  'fn' is defined but never used                                             no-unused-vars
   1457:9   warning  'exports' is not defined                                                   no-undef
   1490:1   warning  Unnecessary semicolon                                                      no-extra-semi
   1595:54  warning  Unnecessary escape character: \.                                           no-useless-escape
   1719:42  warning  'scope' is defined but never used                                          no-unused-vars
   1727:13  warning  'scroll' is assigned a value but never used                                no-unused-vars
   1875:13  warning  '_addFilter' is assigned a value but never used                            no-unused-vars
   1876:13  warning  '_removeFilter' is assigned a value but never used                         no-unused-vars
   2091:31  warning  Empty block statement                                                      no-empty
   2280:42  warning  'scope' is defined but never used                                          no-unused-vars
   2300:56  warning  'drag' is defined but never used                                           no-unused-vars
   2388:13  warning  '_getMatchingDroppables' is assigned a value but never used                no-unused-vars
   2432:18  warning  'i' is already defined                                                     no-redeclare
   2754:40  warning  'spec' is defined but never used                                           no-unused-vars
   2777:38  warning  'spec' is defined but never used                                           no-unused-vars
   2862:9   warning  'exports' is not defined                                                   no-undef
   2874:42  warning  'exports' is not defined                                                   no-undef
   2915:19  warning  Do not access Object.prototype method 'hasOwnProperty' from target object  no-prototype-builtins
   3011:26  warning  Unnecessary escape character: \.                                           no-useless-escape
   3012:40  warning  Unnecessary escape character: \[                                           no-useless-escape
   3180:36  warning  '_protoFn' is defined but never used                                       no-unused-vars
   3188:45  warning  Do not access Object.prototype method 'hasOwnProperty' from target object  no-prototype-builtins
   3188:83  warning  Do not access Object.prototype method 'hasOwnProperty' from target object  no-prototype-builtins
   3201:41  warning  Do not access Object.prototype method 'hasOwnProperty' from target object  no-prototype-builtins
   3201:79  warning  Do not access Object.prototype method 'hasOwnProperty' from target object  no-prototype-builtins
   3242:42  warning  Empty block statement                                                      no-empty
   3320:23  warning  Empty block statement                                                      no-empty
   3488:2   warning  Unnecessary semicolon                                                      no-extra-semi
   3553:1   warning  Unnecessary semicolon                                                      no-extra-semi
   3585:9   warning  'eventFilters' is assigned a value but never used                          no-unused-vars
   3604:9   warning  '_each' is assigned a value but never used                                 no-unused-vars
   4583:13  warning  '_setDraggable' is assigned a value but never used                         no-unused-vars
   4807:56  warning  'args' is defined but never used                                           no-unused-vars
   4855:60  warning  'cEl' is assigned a value but never used                                   no-unused-vars
   5481:13  warning  '_unmanage' is assigned a value but never used                             no-unused-vars
   5576:68  warning  'jsPlumbInstance' is assigned a value but never used                       no-unused-vars
   6146:39  warning  'scope' is defined but never used                                          no-unused-vars
   6751:9   warning  'exports' is not defined                                                   no-undef
   6766:1   warning  Unnecessary semicolon                                                      no-extra-semi
   6882:36  warning  'ignoreAttachedElements' is defined but never used                         no-unused-vars
   7059:1   warning  Unnecessary semicolon                                                      no-extra-semi
   7304:41  warning  'doNotRepaint' is defined but never used                                   no-unused-vars
   7309:50  warning  'doNotRepaint' is defined but never used                                   no-unused-vars
   7374:53  warning  'fireEvent' is defined but never used                                      no-unused-vars
   7374:64  warning  'originalEvent' is defined but never used                                  no-unused-vars
   7488:52  warning  Do not access Object.prototype method 'hasOwnProperty' from target object  no-prototype-builtins
   7534:39  warning  'startParams' is defined but never used                                    no-unused-vars
   8111:17  warning  'elId' is assigned a value but never used                                  no-unused-vars
   8348:1   warning  Unnecessary semicolon                                                      no-extra-semi
   8865:52  warning  Do not access Object.prototype method 'hasOwnProperty' from target object  no-prototype-builtins
   8889:52  warning  Do not access Object.prototype method 'hasOwnProperty' from target object  no-prototype-builtins
   8901:21  warning  'jsPlumb' is not defined                                                   no-undef
   8984:1   warning  Unnecessary semicolon                                                      no-extra-semi
   9709:27  warning  'Biltong' is not defined                                                   no-undef
  10061:23  warning  'jsPlumbUtil' is not defined                                               no-undef
  10293:1   warning  Unnecessary semicolon                                                      no-extra-semi
  10323:53  warning  'x' is defined but never used                                              no-unused-vars
  10323:56  warning  'y' is defined but never used                                              no-unused-vars
  10350:46  warning  'x1' is defined but never used                                             no-unused-vars
  10350:50  warning  'y1' is defined but never used                                             no-unused-vars
  10350:54  warning  'x2' is defined but never used                                             no-unused-vars
  10350:58  warning  'y2' is defined but never used                                             no-unused-vars
  10383:17  warning  '_super' is assigned a value but never used                                no-unused-vars
  10441:46  warning  '_' is defined but never used                                              no-unused-vars
  10643:17  warning  '_super' is assigned a value but never used                                no-unused-vars
  10789:17  warning  '_super' is assigned a value but never used                                no-unused-vars
  11112:13  warning  'dumpSegmentsToConsole' is assigned a value but never used                 no-unused-vars
  11168:48  warning  'anchorPoint' is defined but never used                                    no-unused-vars
  11168:61  warning  'orientation' is defined but never used                                    no-unused-vars
  11168:74  warning  'endpointStyle' is defined but never used                                  no-unused-vars
  11168:89  warning  'connectorPaintStyle' is defined but never used                            no-unused-vars
  11201:13  warning  '_super' is assigned a value but never used                                no-unused-vars
  11207:76  warning  'connectorPaintStyle' is defined but never used                            no-unused-vars
  11228:13  warning  '_super' is assigned a value but never used                                no-unused-vars
  11233:76  warning  'connectorPaintStyle' is defined but never used                            no-unused-vars
  11244:40  warning  'params' is defined but never used                                         no-unused-vars
  11322:48  warning  'orientation' is defined but never used                                    no-unused-vars
  11322:61  warning  'endpointStyle' is defined but never used                                  no-unused-vars
  11322:76  warning  'connectorPaintStyle' is defined but never used                            no-unused-vars
  11348:40  warning  'd' is defined but never used                                              no-unused-vars
  11348:43  warning  'style' is defined but never used                                          no-unused-vars
  11348:50  warning  'anchor' is defined but never used                                         no-unused-vars
  11391:13  warning  '_super' is assigned a value but never used                                no-unused-vars
  11394:48  warning  'orientation' is defined but never used                                    no-unused-vars
  11394:61  warning  'endpointStyle' is defined but never used                                  no-unused-vars
  11394:76  warning  'connectorPaintStyle' is defined but never used                            no-unused-vars
  11410:32  warning  'style' is defined but never used                                          no-unused-vars
  11410:39  warning  'anchor' is defined but never used                                         no-unused-vars
  11443:76  warning  'connectorPaintStyle' is defined but never used                            no-unused-vars
  11472:27  warning  'instance' is defined but never used                                       no-unused-vars
  11472:37  warning  'component' is defined but never used                                      no-unused-vars
  11541:43  warning  'component' is defined but never used                                      no-unused-vars
  11705:17  warning  'jsPlumb' is not defined                                                   no-undef
  11812:37  warning  'component' is defined but never used                                      no-unused-vars
  11822:29  warning  'containerExtents' is defined but never used                               no-unused-vars
  11850:37  warning  'params' is defined but never used                                         no-unused-vars
  11863:42  warning  'currentConnectionPaintStyle' is defined but never used                    no-unused-vars
  11907:13  warning  'labelWidth' is assigned a value but never used                            no-unused-vars
  11907:32  warning  'labelHeight' is assigned a value but never used                           no-unused-vars
  11907:52  warning  'labelText' is assigned a value but never used                             no-unused-vars
  11907:70  warning  'labelPadding' is assigned a value but never used                          no-unused-vars
  11997:1   warning  Unnecessary semicolon                                                      no-extra-semi
  12441:35  warning  'conn' is defined but never used                                           no-unused-vars
  12441:41  warning  'endpointIndex' is defined but never used                                  no-unused-vars
  12445:37  warning  'conn' is defined but never used                                           no-unused-vars
  12445:43  warning  'endpointIndex' is defined but never used                                  no-unused-vars
  12453:56  warning  'jsPlumb' is not defined                                                   no-undef
  12489:38  warning  '_el' is defined but never used                                            no-unused-vars
  12489:43  warning  'targetGroup' is defined but never used                                    no-unused-vars
  12539:25  warning  'jsPlumbUtil' is not defined                                               no-undef
  12883:1   warning  Unnecessary semicolon                                                      no-extra-semi
  12899:41  warning  'lastOrientation' is assigned a value but never used                       no-unused-vars
  12903:13  warning  'loopbackRadius' is assigned a value but never used                        no-unused-vars
  12904:13  warning  'isLoopbackCurrently' is assigned a value but never used                   no-unused-vars
  13248:1   warning  Unnecessary semicolon                                                      no-extra-semi
  13257:13  warning  'curviness' is assigned a value but never used                             no-unused-vars
  13259:13  warning  'proximityLimit' is assigned a value but never used                        no-unused-vars
  13262:13  warning  'isLoopbackCurrently' is assigned a value but never used                   no-unused-vars
  13401:1   warning  Unnecessary semicolon                                                      no-extra-semi
  13496:13  warning  'clockwise' is assigned a value but never used                             no-unused-vars
  13596:1   warning  Unnecessary semicolon                                                      no-extra-semi
  13603:30  warning  'params' is defined but never used                                         no-unused-vars
  13607:46  warning  '_' is defined but never used                                              no-unused-vars
  13628:1   warning  Unnecessary semicolon                                                      no-extra-semi
  14033:35  warning  'style' is defined but never used                                          no-unused-vars
  14056:35  warning  'style' is defined but never used                                          no-unused-vars
  14092:13  warning  'self' is assigned a value but never used                                  no-unused-vars
  14251:1   warning  Unnecessary semicolon                                                      no-extra-semi
  14444:39  warning  'jsPlumb' is not defined                                                   no-undef
  14473:29  warning  'jsPlumb' is not defined                                                   no-undef
  14480:38  warning  Do not access Object.prototype method 'hasOwnProperty' from target object  no-prototype-builtins
  14481:39  warning  'jsPlumb' is not defined                                                   no-undef
  14548:40  warning  Do not access Object.prototype method 'hasOwnProperty' from target object  no-prototype-builtins
  14639:22  warning  'jsPlumb' is not defined                                                   no-undef
  14644:24  warning  'jsPlumb' is not defined                                                   no-undef
  14770:26  warning  Do not access Object.prototype method 'hasOwnProperty' from target object  no-prototype-builtins
  14783:13  warning  'jsPlumb' is not defined                                                   no-undef
  14788:18  warning  'jsPlumb' is not defined                                                   no-undef
  14797:13  warning  'jsPlumb' is not defined                                                   no-undef
  14802:17  warning  'jsPlumb' is not defined                                                   no-undef
  14803:17  warning  'jsPlumb' is not defined                                                   no-undef
  14805:17  warning  'jsPlumb' is not defined                                                   no-undef
  14809:13  warning  'jsPlumb' is not defined                                                   no-undef
  14815:17  warning  'jsPlumb' is not defined                                                   no-undef
  14853:18  warning  'jsPlumb' is not defined                                                   no-undef
  14901:22  warning  'jsPlumb' is not defined                                                   no-undef
  14982:20  warning  'jsPlumb' is not defined                                                   no-undef
  14996:13  warning  'jsPlumb' is not defined                                                   no-undef
  15008:18  warning  'jsPlumb' is not defined                                                   no-undef
  15011:25  warning  'jsPlumb' is not defined                                                   no-undef
  15013:35  warning  'jsPlumb' is not defined                                                   no-undef
  15014:30  warning  'jsPlumb' is not defined                                                   no-undef
  15015:45  warning  'jsPlumb' is not defined                                                   no-undef
  15016:45  warning  'jsPlumb' is not defined                                                   no-undef
  15017:46  warning  'jsPlumb' is not defined                                                   no-undef
  15133:36  warning  'el' is defined but never used                                             no-unused-vars
  15133:40  warning  'options' is defined but never used                                        no-unused-vars
  15136:36  warning  'el' is defined but never used                                             no-unused-vars
  15136:40  warning  'options' is defined but never used                                        no-unused-vars
  15152:45  warning  'zoom' is defined but never used                                           no-unused-vars
  15192:33  warning  'spec' is defined but never used                                           no-unused-vars
  15201:31  warning  'spec' is defined but never used                                           no-unused-vars
  15210:38  warning  'posseId' is defined but never used                                        no-unused-vars
  15263:23  warning  'el' is defined but never used                                             no-unused-vars
  15263:27  warning  'event' is defined but never used                                          no-unused-vars
  15263:34  warning  'callback' is defined but never used                                       no-unused-vars
  15272:24  warning  'el' is defined but never used                                             no-unused-vars
  15272:28  warning  'event' is defined but never used                                          no-unused-vars
  15272:35  warning  'callback' is defined but never used                                       no-unused-vars

/home/runner/work/exp-circuit-parameters-oc-test-iitr/exp-circuit-parameters-oc-test-iitr/experiment/simulation/script.js
    1:5    warning  'xx' is assigned a value but never used            no-unused-vars
    2:9    warning  'yy' is assigned a value but never used            no-unused-vars
    3:9    warning  'zz' is assigned a value but never used            no-unused-vars
    6:9    warning  'rangeClock' is assigned a value but never used    no-unused-vars
    7:9    warning  'meterColor' is assigned a value but never used    no-unused-vars
    9:9    warning  'rangeClock2' is assigned a value but never used   no-unused-vars
   10:9    warning  'meterColor2' is assigned a value but never used   no-unused-vars
   12:9    warning  'rangeClock3' is assigned a value but never used   no-unused-vars
   13:9    warning  'meterColor3' is assigned a value but never used   no-unused-vars
   15:6    warning  'meterColor4' is assigned a value but never used   no-unused-vars
   19:6    warning  'mcbOn' is assigned a value but never used         no-unused-vars
   28:7    warning  Move function declaration to program root          no-inner-declarations
   29:13   warning  'rotateClock' is assigned a value but never used   no-unused-vars
   30:7    warning  'rotateClock4' is assigned a value but never used  no-unused-vars
   35:2    warning  Mixed spaces and tabs                              no-mixed-spaces-and-tabs
   79:108  warning  Unnecessary semicolon                              no-extra-semi
  221:7    warning  'Plotly' is not defined                            no-undef

/home/runner/work/exp-circuit-parameters-oc-test-iitr/exp-circuit-parameters-oc-test-iitr/experiment/simulation/script1.js
    5:2   warning  Mixed spaces and tabs                             no-mixed-spaces-and-tabs
   17:2   warning  Mixed spaces and tabs                             no-mixed-spaces-and-tabs
   19:2   warning  Mixed spaces and tabs                             no-mixed-spaces-and-tabs
   21:2   warning  Mixed spaces and tabs                             no-mixed-spaces-and-tabs
   34:12  warning  'i' is already defined                            no-redeclare
   35:2   warning  Mixed spaces and tabs                             no-mixed-spaces-and-tabs
   38:7   warning  'wrapper' is already defined                      no-redeclare
   46:2   warning  Mixed spaces and tabs                             no-mixed-spaces-and-tabs
   48:2   warning  Mixed spaces and tabs                             no-mixed-spaces-and-tabs
   50:2   warning  Mixed spaces and tabs                             no-mixed-spaces-and-tabs
   57:2   warning  Mixed spaces and tabs                             no-mixed-spaces-and-tabs
   57:11  warning  'createGraph' is assigned a value but never used  no-unused-vars
   58:4   warning  Mixed spaces and tabs                             no-mixed-spaces-and-tabs
   77:1   warning  Mixed spaces and tabs                             no-mixed-spaces-and-tabs
   79:1   warning  Mixed spaces and tabs                             no-mixed-spaces-and-tabs
   80:1   warning  Mixed spaces and tabs                             no-mixed-spaces-and-tabs
   81:1   warning  Mixed spaces and tabs                             no-mixed-spaces-and-tabs
   82:1   warning  Mixed spaces and tabs                             no-mixed-spaces-and-tabs
   83:1   warning  Mixed spaces and tabs                             no-mixed-spaces-and-tabs
   84:1   warning  Mixed spaces and tabs                             no-mixed-spaces-and-tabs
   85:1   warning  Mixed spaces and tabs                             no-mixed-spaces-and-tabs
   86:1   warning  Mixed spaces and tabs                             no-mixed-spaces-and-tabs
   87:1   warning  Mixed spaces and tabs                             no-mixed-spaces-and-tabs
   88:1   warning  Mixed spaces and tabs                             no-mixed-spaces-and-tabs
   89:1   warning  Mixed spaces and tabs                             no-mixed-spaces-and-tabs
   90:1   warning  Mixed spaces and tabs                             no-mixed-spaces-and-tabs
   91:1   warning  Mixed spaces and tabs                             no-mixed-spaces-and-tabs
   92:1   warning  Mixed spaces and tabs                             no-mixed-spaces-and-tabs
   93:1   warning  Mixed spaces and tabs                             no-mixed-spaces-and-tabs
   94:1   warning  Mixed spaces and tabs                             no-mixed-spaces-and-tabs
   95:1   warning  Mixed spaces and tabs                             no-mixed-spaces-and-tabs
   96:1   warning  Mixed spaces and tabs                             no-mixed-spaces-and-tabs
   97:1   warning  Mixed spaces and tabs                             no-mixed-spaces-and-tabs
   98:1   warning  Mixed spaces and tabs                             no-mixed-spaces-and-tabs
   99:1   warning  Mixed spaces and tabs                             no-mixed-spaces-and-tabs
  100:1   warning  Mixed spaces and tabs                             no-mixed-spaces-and-tabs
  101:1   warning  Mixed spaces and tabs                             no-mixed-spaces-and-tabs
  102:1   warning  Mixed spaces and tabs                             no-mixed-spaces-and-tabs
  103:1   warning  Mixed spaces and tabs                             no-mixed-spaces-and-tabs
  104:1   warning  Mixed spaces and tabs                             no-mixed-spaces-and-tabs
  105:1   warning  Mixed spaces and tabs                             no-mixed-spaces-and-tabs
  106:1   warning  Mixed spaces and tabs                             no-mixed-spaces-and-tabs
  107:1   warning  Mixed spaces and tabs                             no-mixed-spaces-and-tabs
  108:1   warning  Mixed spaces and tabs                             no-mixed-spaces-and-tabs
  109:1   warning  Mixed spaces and tabs                             no-mixed-spaces-and-tabs
  110:1   warning  Mixed spaces and tabs                             no-mixed-spaces-and-tabs
  111:1   warning  Mixed spaces and tabs                             no-mixed-spaces-and-tabs
  112:1   warning  Mixed spaces and tabs                             no-mixed-spaces-and-tabs
  113:1   warning  Mixed spaces and tabs                             no-mixed-spaces-and-tabs
  114:1   warning  Mixed spaces and tabs                             no-mixed-spaces-and-tabs
  115:1   warning  Mixed spaces and tabs                             no-mixed-spaces-and-tabs
  116:2   warning  Mixed spaces and tabs                             no-mixed-spaces-and-tabs
  117:2   warning  Mixed spaces and tabs                             no-mixed-spaces-and-tabs
  118:2   warning  Mixed spaces and tabs                             no-mixed-spaces-and-tabs
  120:2   warning  Mixed spaces and tabs                             no-mixed-spaces-and-tabs
  121:8   warning  'db1' is already defined                          no-redeclare
  122:8   warning  'db2' is already defined                          no-redeclare
  123:8   warning  'db3' is already defined                          no-redeclare
  124:8   warning  'db4' is already defined                          no-redeclare
  125:8   warning  'db5' is already defined                          no-redeclare
  126:8   warning  'db6' is already defined                          no-redeclare
  127:8   warning  'db7' is already defined                          no-redeclare
  128:8   warning  'db8' is already defined                          no-redeclare
  129:8   warning  'db9' is already defined                          no-redeclare
  130:8   warning  'db10' is already defined                         no-redeclare
  133:1   warning  Mixed spaces and tabs                             no-mixed-spaces-and-tabs
  135:1   warning  Mixed spaces and tabs                             no-mixed-spaces-and-tabs
  136:1   warning  Mixed spaces and tabs                             no-mixed-spaces-and-tabs
  137:1   warning  Mixed spaces and tabs                             no-mixed-spaces-and-tabs
  138:1   warning  Mixed spaces and tabs                             no-mixed-spaces-and-tabs
  139:1   warning  Mixed spaces and tabs                             no-mixed-spaces-and-tabs
  140:1   warning  Mixed spaces and tabs                             no-mixed-spaces-and-tabs
  141:1   warning  Mixed spaces and tabs                             no-mixed-spaces-and-tabs
  142:1   warning  Mixed spaces and tabs                             no-mixed-spaces-and-tabs
  143:1   warning  Mixed spaces and tabs                             no-mixed-spaces-and-tabs
  144:1   warning  Mixed spaces and tabs                             no-mixed-spaces-and-tabs
  145:1   warning  Mixed spaces and tabs                             no-mixed-spaces-and-tabs
  146:1   warning  Mixed spaces and tabs                             no-mixed-spaces-and-tabs
  147:1   warning  Mixed spaces and tabs                             no-mixed-spaces-and-tabs
  148:1   warning  Mixed spaces and tabs                             no-mixed-spaces-and-tabs
  149:1   warning  Mixed spaces and tabs                             no-mixed-spaces-and-tabs
  150:1   warning  Mixed spaces and tabs                             no-mixed-spaces-and-tabs
  151:1   warning  Mixed spaces and tabs                             no-mixed-spaces-and-tabs
  152:1   warning  Mixed spaces and tabs                             no-mixed-spaces-and-tabs
  153:1   warning  Mixed spaces and tabs                             no-mixed-spaces-and-tabs
  154:1   warning  Mixed spaces and tabs                             no-mixed-spaces-and-tabs
  155:1   warning  Mixed spaces and tabs                             no-mixed-spaces-and-tabs
  156:1   warning  Mixed spaces and tabs                             no-mixed-spaces-and-tabs
  157:1   warning  Mixed spaces and tabs                             no-mixed-spaces-and-tabs
  158:1   warning  Mixed spaces and tabs                             no-mixed-spaces-and-tabs
  159:1   warning  Mixed spaces and tabs                             no-mixed-spaces-and-tabs
  160:1   warning  Mixed spaces and tabs                             no-mixed-spaces-and-tabs
  161:1   warning  Mixed spaces and tabs                             no-mixed-spaces-and-tabs
  162:1   warning  Mixed spaces and tabs                             no-mixed-spaces-and-tabs
  163:1   warning  Mixed spaces and tabs                             no-mixed-spaces-and-tabs
  164:1   warning  Mixed spaces and tabs                             no-mixed-spaces-and-tabs
  165:1   warning  Mixed spaces and tabs                             no-mixed-spaces-and-tabs
  166:1   warning  Mixed spaces and tabs                             no-mixed-spaces-and-tabs
  167:1   warning  Mixed spaces and tabs                             no-mixed-spaces-and-tabs
  168:1   warning  Mixed spaces and tabs                             no-mixed-spaces-and-tabs
  169:1   warning  Mixed spaces and tabs                             no-mixed-spaces-and-tabs
  170:1   warning  Mixed spaces and tabs                             no-mixed-spaces-and-tabs
  171:1   warning  Mixed spaces and tabs                             no-mixed-spaces-and-tabs
  175:2   warning  Mixed spaces and tabs                             no-mixed-spaces-and-tabs
  176:2   warning  Mixed spaces and tabs                             no-mixed-spaces-and-tabs
  177:2   warning  Mixed spaces and tabs                             no-mixed-spaces-and-tabs
  178:2   warning  Mixed spaces and tabs                             no-mixed-spaces-and-tabs
  185:12  warning  'btn_table' is defined but never used             no-unused-vars
  199:1   warning  Mixed spaces and tabs                             no-mixed-spaces-and-tabs
  201:1   warning  Mixed spaces and tabs                             no-mixed-spaces-and-tabs
  202:1   warning  Mixed spaces and tabs                             no-mixed-spaces-and-tabs
  203:1   warning  Mixed spaces and tabs                             no-mixed-spaces-and-tabs
  204:1   warning  Mixed spaces and tabs                             no-mixed-spaces-and-tabs
  205:1   warning  Mixed spaces and tabs                             no-mixed-spaces-and-tabs
  206:1   warning  Mixed spaces and tabs                             no-mixed-spaces-and-tabs
  207:1   warning  Mixed spaces and tabs                             no-mixed-spaces-and-tabs
  208:1   warning  Mixed spaces and tabs                             no-mixed-spaces-and-tabs
  209:1   warning  Mixed spaces and tabs                             no-mixed-spaces-and-tabs
  210:1   warning  Mixed spaces and tabs                             no-mixed-spaces-and-tabs
  211:1   warning  Mixed spaces and tabs                             no-mixed-spaces-and-tabs
  212:1   warning  Mixed spaces and tabs                             no-mixed-spaces-and-tabs
  213:1   warning  Mixed spaces and tabs                             no-mixed-spaces-and-tabs
  214:1   warning  Mixed spaces and tabs                             no-mixed-spaces-and-tabs
  215:1   warning  Mixed spaces and tabs                             no-mixed-spaces-and-tabs
  216:1   warning  Mixed spaces and tabs                             no-mixed-spaces-and-tabs
  217:1   warning  Mixed spaces and tabs                             no-mixed-spaces-and-tabs
  218:1   warning  Mixed spaces and tabs                             no-mixed-spaces-and-tabs
  219:1   warning  Mixed spaces and tabs                             no-mixed-spaces-and-tabs
  220:1   warning  Mixed spaces and tabs                             no-mixed-spaces-and-tabs
  221:1   warning  Mixed spaces and tabs                             no-mixed-spaces-and-tabs
  222:1   warning  Mixed spaces and tabs                             no-mixed-spaces-and-tabs
  223:1   warning  Mixed spaces and tabs                             no-mixed-spaces-and-tabs
  224:1   warning  Mixed spaces and tabs                             no-mixed-spaces-and-tabs
  225:1   warning  Mixed spaces and tabs                             no-mixed-spaces-and-tabs
  226:1   warning  Mixed spaces and tabs                             no-mixed-spaces-and-tabs
  227:1   warning  Mixed spaces and tabs                             no-mixed-spaces-and-tabs
  228:1   warning  Mixed spaces and tabs                             no-mixed-spaces-and-tabs
  229:1   warning  Mixed spaces and tabs                             no-mixed-spaces-and-tabs
  230:1   warning  Mixed spaces and tabs                             no-mixed-spaces-and-tabs
  231:1   warning  Mixed spaces and tabs                             no-mixed-spaces-and-tabs
  232:1   warning  Mixed spaces and tabs                             no-mixed-spaces-and-tabs
  233:1   warning  Mixed spaces and tabs                             no-mixed-spaces-and-tabs
  234:1   warning  Mixed spaces and tabs                             no-mixed-spaces-and-tabs
  235:1   warning  Mixed spaces and tabs                             no-mixed-spaces-and-tabs
  236:1   warning  Mixed spaces and tabs                             no-mixed-spaces-and-tabs
  237:1   warning  Mixed spaces and tabs                             no-mixed-spaces-and-tabs
  238:1   warning  Mixed spaces and tabs                             no-mixed-spaces-and-tabs
  239:2   warning  Mixed spaces and tabs                             no-mixed-spaces-and-tabs
  240:8   warning  'db1' is already defined                          no-redeclare
  241:8   warning  'db2' is already defined                          no-redeclare
  242:8   warning  'db3' is already defined                          no-redeclare
  243:8   warning  'db4' is already defined                          no-redeclare
  244:8   warning  'db5' is already defined                          no-redeclare
  245:8   warning  'db6' is already defined                          no-redeclare
  246:8   warning  'db7' is already defined                          no-redeclare
  247:8   warning  'db8' is already defined                          no-redeclare
  248:8   warning  'db9' is already defined                          no-redeclare
  249:8   warning  'db10' is already defined                         no-redeclare
  252:1   warning  Mixed spaces and tabs                             no-mixed-spaces-and-tabs
  254:1   warning  Mixed spaces and tabs                             no-mixed-spaces-and-tabs
  255:1   warning  Mixed spaces and tabs                             no-mixed-spaces-and-tabs
  256:1   warning  Mixed spaces and tabs                             no-mixed-spaces-and-tabs
  257:1   warning  Mixed spaces and tabs                             no-mixed-spaces-and-tabs
  258:1   warning  Mixed spaces and tabs                             no-mixed-spaces-and-tabs
  259:1   warning  Mixed spaces and tabs                             no-mixed-spaces-and-tabs
  260:1   warning  Mixed spaces and tabs                             no-mixed-spaces-and-tabs
  261:1   warning  Mixed spaces and tabs                             no-mixed-spaces-and-tabs
  262:1   warning  Mixed spaces and tabs                             no-mixed-spaces-and-tabs
  263:1   warning  Mixed spaces and tabs                             no-mixed-spaces-and-tabs
  264:1   warning  Mixed spaces and tabs                             no-mixed-spaces-and-tabs
  265:1   warning  Mixed spaces and tabs                             no-mixed-spaces-and-tabs
  266:1   warning  Mixed spaces and tabs                             no-mixed-spaces-and-tabs
  267:1   warning  Mixed spaces and tabs                             no-mixed-spaces-and-tabs
  268:1   warning  Mixed spaces and tabs                             no-mixed-spaces-and-tabs
  269:1   warning  Mixed spaces and tabs                             no-mixed-spaces-and-tabs
  270:1   warning  Mixed spaces and tabs                             no-mixed-spaces-and-tabs
  271:1   warning  Mixed spaces and tabs                             no-mixed-spaces-and-tabs
  272:1   warning  Mixed spaces and tabs                             no-mixed-spaces-and-tabs
  273:1   warning  Mixed spaces and tabs                             no-mixed-spaces-and-tabs
  274:1   warning  Mixed spaces and tabs                             no-mixed-spaces-and-tabs
  275:1   warning  Mixed spaces and tabs                             no-mixed-spaces-and-tabs
  276:1   warning  Mixed spaces and tabs                             no-mixed-spaces-and-tabs
  277:1   warning  Mixed spaces and tabs                             no-mixed-spaces-and-tabs
  278:1   warning  Mixed spaces and tabs                             no-mixed-spaces-and-tabs
  279:1   warning  Mixed spaces and tabs                             no-mixed-spaces-and-tabs
  280:1   warning  Mixed spaces and tabs                             no-mixed-spaces-and-tabs
  281:1   warning  Mixed spaces and tabs                             no-mixed-spaces-and-tabs
  282:1   warning  Mixed spaces and tabs                             no-mixed-spaces-and-tabs
  283:1   warning  Mixed spaces and tabs                             no-mixed-spaces-and-tabs
  284:1   warning  Mixed spaces and tabs                             no-mixed-spaces-and-tabs
  285:1   warning  Mixed spaces and tabs                             no-mixed-spaces-and-tabs
  286:1   warning  Mixed spaces and tabs                             no-mixed-spaces-and-tabs
  287:1   warning  Mixed spaces and tabs                             no-mixed-spaces-and-tabs
  288:1   warning  Mixed spaces and tabs                             no-mixed-spaces-and-tabs
  289:1   warning  Mixed spaces and tabs                             no-mixed-spaces-and-tabs
  290:1   warning  Mixed spaces and tabs                             no-mixed-spaces-and-tabs
  301:3   warning  Mixed spaces and tabs                             no-mixed-spaces-and-tabs
  302:3   warning  Mixed spaces and tabs                             no-mixed-spaces-and-tabs
  303:9   warning  'Plotly' is not defined                           no-undef
  306:10  warning  'creategraph' is defined but never used           no-unused-vars
  308:16  warning  'cell1' is not defined                            no-undef
  309:3   warning  Mixed spaces and tabs                             no-mixed-spaces-and-tabs
  309:20  warning  'cell2' is not defined                            no-undef
  310:3   warning  Mixed spaces and tabs                             no-mixed-spaces-and-tabs
  311:9   warning  'Plotly' is not defined                           no-undef

 753 problems (0 errors, 753 warnings)
  0 errors and 36 warnings potentially fixable with the `--fix` option.

